{"total": {"lines":{"total":81,"covered":81,"skipped":0,"pct":100},"statements":{"total":90,"covered":86,"skipped":0,"pct":95.55},"functions":{"total":29,"covered":25,"skipped":0,"pct":86.2},"branches":{"total":55,"covered":45,"skipped":0,"pct":81.81},"branchesTrue":{"total":0,"covered":0,"skipped":0,"pct":"Unknown"}}
,"/Users/jake/repositories/chore-hero/src/core/civil/date.ts": {"lines":{"total":81,"covered":81,"skipped":0,"pct":100},"functions":{"total":29,"covered":25,"skipped":0,"pct":86.2},"statements":{"total":90,"covered":86,"skipped":0,"pct":95.55},"branches":{"total":55,"covered":45,"skipped":0,"pct":81.81}}
,"/Users/jake/repositories/chore-hero/src/core/civil/types.ts": {"lines":{"total":0,"covered":0,"skipped":0,"pct":0},"functions":{"total":0,"covered":0,"skipped":0,"pct":0},"statements":{"total":0,"covered":0,"skipped":0,"pct":0},"branches":{"total":0,"covered":0,"skipped":0,"pct":0}}
}
