{"total": {"lines":{"total":362,"covered":362,"skipped":0,"pct":100},"statements":{"total":437,"covered":433,"skipped":0,"pct":99.08},"functions":{"total":91,"covered":91,"skipped":0,"pct":100},"branches":{"total":285,"covered":280,"skipped":0,"pct":98.24},"branchesTrue":{"total":0,"covered":0,"skipped":0,"pct":100}}
,"/Users/jake/repositories/chore-hero/src/core/civil/date.ts": {"lines":{"total":80,"covered":80,"skipped":0,"pct":100},"functions":{"total":29,"covered":29,"skipped":0,"pct":100},"statements":{"total":89,"covered":89,"skipped":0,"pct":100},"branches":{"total":49,"covered":49,"skipped":0,"pct":100}}
,"/Users/jake/repositories/chore-hero/src/core/lib/assertNever.ts": {"lines":{"total":1,"covered":1,"skipped":0,"pct":100},"functions":{"total":1,"covered":1,"skipped":0,"pct":100},"statements":{"total":1,"covered":1,"skipped":0,"pct":100},"branches":{"total":1,"covered":1,"skipped":0,"pct":100}}
,"/Users/jake/repositories/chore-hero/src/core/occurrence/project.ts": {"lines":{"total":47,"covered":47,"skipped":0,"pct":100},"functions":{"total":14,"covered":14,"skipped":0,"pct":100},"statements":{"total":59,"covered":58,"skipped":0,"pct":98.3},"branches":{"total":50,"covered":49,"skipped":0,"pct":98}}
,"/Users/jake/repositories/chore-hero/src/core/recurrence/describe.ts": {"lines":{"total":58,"covered":58,"skipped":0,"pct":100},"functions":{"total":9,"covered":9,"skipped":0,"pct":100},"statements":{"total":74,"covered":72,"skipped":0,"pct":97.29},"branches":{"total":59,"covered":57,"skipped":0,"pct":96.61}}
,"/Users/jake/repositories/chore-hero/src/core/recurrence/expand.ts": {"lines":{"total":92,"covered":92,"skipped":0,"pct":100},"functions":{"total":14,"covered":14,"skipped":0,"pct":100},"statements":{"total":118,"covered":118,"skipped":0,"pct":100},"branches":{"total":58,"covered":58,"skipped":0,"pct":100}}
,"/Users/jake/repositories/chore-hero/src/core/recurrence/period.ts": {"lines":{"total":23,"covered":23,"skipped":0,"pct":100},"functions":{"total":5,"covered":5,"skipped":0,"pct":100},"statements":{"total":27,"covered":26,"skipped":0,"pct":96.29},"branches":{"total":19,"covered":18,"skipped":0,"pct":94.73}}
,"/Users/jake/repositories/chore-hero/src/core/recurrence/schema.ts": {"lines":{"total":20,"covered":20,"skipped":0,"pct":100},"functions":{"total":12,"covered":12,"skipped":0,"pct":100},"statements":{"total":22,"covered":22,"skipped":0,"pct":100},"branches":{"total":10,"covered":10,"skipped":0,"pct":100}}
,"/Users/jake/repositories/chore-hero/src/core/rotation/assign.ts": {"lines":{"total":41,"covered":41,"skipped":0,"pct":100},"functions":{"total":7,"covered":7,"skipped":0,"pct":100},"statements":{"total":47,"covered":47,"skipped":0,"pct":100},"branches":{"total":39,"covered":38,"skipped":0,"pct":97.43}}
}
