TN:
SF:src/core/civil/date.ts
FN:24,(anonymous_0)
FN:32,(anonymous_1)
FN:35,format
FN:41,isLeapYear
FN:46,daysInMonth
FN:53,partsOf
FN:70,civilDate
FN:85,tryCivilDate
FN:94,fromParts
FN:106,toEpochDay
FN:121,fromEpochDay
FN:141,addDays
FN:146,daysBetween
FN:162,addMonthsClamped
FN:171,monthsBetween
FN:178,startOfMonth
FN:184,endOfMonth
FN:198,weekdayOf
FN:203,startOfWeek
FN:209,weeksBetween
FN:222,nthWeekdayOfMonth
FN:241,compareCivil
FN:245,(anonymous_22)
FN:246,(anonymous_23)
FN:247,(anonymous_24)
FN:248,(anonymous_25)
FN:251,isWithin
FN:255,(anonymous_27)
FN:256,(anonymous_28)
FNF:29
FNH:29
FNDA:26,(anonymous_0)
FNDA:176653,(anonymous_1)
FNDA:58880,format
FNDA:303,isLeapYear
FNDA:4031,daysInMonth
FNDA:258012,partsOf
FNDA:1241,civilDate
FNDA:222,tryCivilDate
FNDA:372,fromParts
FNDA:235108,toEpochDay
FNDA:53904,fromEpochDay
FNDA:45642,addDays
FNDA:5793,daysBetween
FNDA:1707,addMonthsClamped
FNDA:2518,monthsBetween
FNDA:1887,startOfMonth
FNDA:556,endOfMonth
FNDA:25367,weekdayOf
FNDA:24459,startOfWeek
FNDA:2330,weeksBetween
FNDA:302,nthWeekdayOfMonth
FNDA:66861,compareCivil
FNDA:1305,(anonymous_22)
FNDA:2927,(anonymous_23)
FNDA:2292,(anonymous_24)
FNDA:2094,(anonymous_25)
FNDA:1945,isWithin
FNDA:1302,(anonymous_27)
FNDA:2924,(anonymous_28)
DA:17,11
DA:20,11
DA:21,11
DA:25,26
DA:26,26
DA:32,176653
DA:36,58880
DA:37,58880
DA:42,303
DA:47,4031
DA:48,4029
DA:49,3731
DA:54,258012
DA:55,258012
DA:56,258012
DA:57,258012
DA:71,1241
DA:72,9
DA:74,1232
DA:75,1232
DA:76,4
DA:78,1228
DA:79,13
DA:81,1215
DA:86,222
DA:87,222
DA:89,13
DA:95,372
DA:107,235108
DA:108,235108
DA:113,235108
DA:114,235108
DA:115,235108
DA:116,235108
DA:117,235108
DA:122,53904
DA:125,53904
DA:126,53904
DA:127,53904
DA:130,53904
DA:131,53904
DA:132,53904
DA:133,53904
DA:134,53904
DA:135,53904
DA:142,45642
DA:147,5793
DA:163,1707
DA:164,1707
DA:165,1707
DA:166,1707
DA:167,1707
DA:172,2518
DA:173,2518
DA:174,2518
DA:179,1887
DA:180,1887
DA:185,556
DA:186,556
DA:199,25367
DA:204,24459
DA:205,24459
DA:210,2330
DA:211,2330
DA:212,2330
DA:228,302
DA:229,150
DA:230,150
DA:231,150
DA:233,152
DA:234,152
DA:235,152
DA:242,66861
DA:245,1305
DA:246,2927
DA:247,2292
DA:248,2094
DA:252,1945
DA:255,1302
DA:256,2924
LF:80
LH:80
BRDA:36,0,0,13
BRDA:36,0,1,58867
BRDA:42,1,0,303
BRDA:42,1,1,81
BRDA:42,1,2,247
BRDA:47,2,0,2
BRDA:47,2,1,4029
BRDA:47,3,0,4031
BRDA:47,3,1,4030
BRDA:48,4,0,298
BRDA:48,4,1,3731
BRDA:48,5,0,75
BRDA:48,5,1,223
BRDA:49,6,0,1153
BRDA:49,6,1,2578
BRDA:49,7,0,3731
BRDA:49,7,1,3407
BRDA:49,7,2,3142
BRDA:49,7,3,2849
BRDA:55,8,0,15
BRDA:55,8,1,257997
BRDA:58,9,0,15
BRDA:58,9,1,257997
BRDA:71,10,0,9
BRDA:71,10,1,1232
BRDA:75,11,0,4
BRDA:75,11,1,1228
BRDA:75,12,0,1232
BRDA:75,12,1,1230
BRDA:78,13,0,13
BRDA:78,13,1,1215
BRDA:78,14,0,1228
BRDA:78,14,1,1226
BRDA:108,15,0,125772
BRDA:108,15,1,109336
BRDA:115,16,0,109336
BRDA:115,16,1,125772
BRDA:134,17,0,32951
BRDA:134,17,1,20953
BRDA:135,18,0,20953
BRDA:135,18,1,32951
BRDA:228,19,0,150
BRDA:228,19,1,152
BRDA:252,20,0,1945
BRDA:252,20,1,1944
BRDA:255,21,0,667
BRDA:255,21,1,635
BRDA:256,22,0,1162
BRDA:256,22,1,1762
BRF:49
BRH:49
end_of_record
TN:
SF:src/core/lib/assertNever.ts
FN:8,assertNever
FNF:1
FNH:1
FNDA:7,assertNever
DA:9,7
LF:1
LH:1
BRDA:8,0,0,1
BRF:1
BRH:1
end_of_record
TN:
SF:src/core/occurrence/project.ts
FN:37,(anonymous_0)
FN:53,projectOccurrences
FN:66,(anonymous_2)
FN:67,(anonymous_3)
FN:123,statusOf
FN:138,sortForDisplay
FN:140,(anonymous_6)
FN:148,indexBy
FN:157,todayView
FN:162,(anonymous_9)
FN:172,forMember
FN:177,(anonymous_11)
FN:184,groupByDate
FN:202,keyForSubject
FNF:14
FNH:14
FNDA:1,(anonymous_0)
FNDA:38,projectOccurrences
FNDA:6,(anonymous_2)
FNDA:7,(anonymous_3)
FNDA:300,statusOf
FNDA:37,sortForDisplay
FNDA:370,(anonymous_6)
FNDA:74,indexBy
FNDA:4,todayView
FNDA:28,(anonymous_9)
FNDA:1,forMember
FNDA:14,(anonymous_11)
FNDA:1,groupByDate
FNDA:4,keyForSubject
DA:34,2
DA:38,1
DA:42,1
DA:58,38
DA:59,38
DA:61,37
DA:66,37
DA:67,37
DA:69,37
DA:71,37
DA:72,39
DA:77,38
DA:79,38
DA:80,41
DA:82,41
DA:83,1553
DA:88,1553
DA:94,1553
DA:96,300
DA:97,300
DA:99,300
DA:116,37
DA:129,300
DA:130,294
DA:131,291
DA:132,291
DA:133,213
DA:134,179
DA:139,37
DA:141,370
DA:149,74
DA:150,74
DA:151,74
DA:162,4
DA:163,28
DA:164,27
DA:165,2
DA:167,25
DA:176,1
DA:178,14
DA:187,1
DA:188,1
DA:189,7
DA:190,7
DA:191,7
DA:193,1
DA:203,4
LF:47
LH:47
BRDA:59,0,0,1
BRDA:59,0,1,37
BRDA:72,1,0,1
BRDA:72,1,1,38
BRDA:77,2,0,3
BRDA:77,2,1,35
BRDA:88,3,0,4
BRDA:88,3,1,1549
BRDA:88,4,0,1553
BRDA:88,4,1,4
BRDA:94,5,0,1253
BRDA:94,5,1,300
BRDA:104,6,0,300
BRDA:104,6,1,294
BRDA:105,7,0,300
BRDA:105,7,1,294
BRDA:106,8,0,6
BRDA:106,8,1,294
BRDA:110,9,0,3
BRDA:110,9,1,297
BRDA:129,10,0,6
BRDA:129,10,1,294
BRDA:130,11,0,3
BRDA:130,11,1,291
BRDA:132,12,0,78
BRDA:132,12,1,213
BRDA:133,13,0,34
BRDA:133,13,1,179
BRDA:141,14,0,370
BRDA:141,14,1,38
BRDA:141,14,2,24
BRDA:141,14,3,24
BRDA:144,15,0,24
BRDA:144,15,1,3
BRDA:144,16,0,24
BRDA:144,16,1,3
BRDA:160,17,0,3
BRDA:163,18,0,1
BRDA:163,18,1,27
BRDA:164,19,0,2
BRDA:164,19,1,25
BRDA:165,20,0,2
BRDA:165,20,1,1
BRDA:167,21,0,25
BRDA:167,21,1,24
BRDA:178,22,0,14
BRDA:178,22,1,7
BRDA:178,22,2,7
BRDA:190,23,0,0
BRDA:190,23,1,7
BRF:50
BRH:49
end_of_record
TN:
SF:src/core/recurrence/describe.ts
FN:47,(anonymous_0)
FN:48,(anonymous_1)
FN:51,ordinal
FN:67,joinList
FN:74,everyN
FN:81,times
FN:92,describeRule
FN:165,describeSchedule
FN:175,splitDate
FNF:9
FNH:9
FNDA:14,(anonymous_0)
FNDA:2,(anonymous_1)
FNDA:17,ordinal
FNDA:6,joinList
FNDA:7,everyN
FNDA:6,times
FNDA:33,describeRule
FNDA:4,describeSchedule
FNDA:6,splitDate
DA:13,2
DA:23,2
DA:25,2
DA:32,2
DA:47,14
DA:48,2
DA:52,17
DA:53,17
DA:54,14
DA:56,7
DA:58,2
DA:60,2
DA:62,3
DA:68,6
DA:69,6
DA:70,2
DA:75,7
DA:76,7
DA:77,3
DA:82,6
DA:83,4
DA:84,1
DA:93,33
DA:95,2
DA:98,5
DA:99,5
DA:100,5
DA:102,2
DA:104,1
DA:106,1
DA:108,1
DA:113,4
DA:116,6
DA:117,6
DA:118,3
DA:119,1
DA:123,4
DA:124,4
DA:125,1
DA:129,6
DA:131,6
DA:135,6
DA:136,2
DA:142,3
DA:143,3
DA:144,3
DA:150,2
DA:151,2
DA:152,1
DA:156,1
DA:166,4
DA:167,4
DA:168,4
DA:169,2
DA:171,1
DA:172,1
DA:176,6
DA:177,6
LF:58
LH:58
BRDA:53,0,0,3
BRDA:53,0,1,14
BRDA:53,1,0,17
BRDA:53,1,1,11
BRDA:54,2,0,7
BRDA:54,2,1,2
BRDA:54,2,2,2
BRDA:54,2,3,3
BRDA:68,3,0,0
BRDA:68,3,1,6
BRDA:69,4,0,4
BRDA:69,4,1,2
BRDA:75,5,0,0
BRDA:75,5,1,7
BRDA:76,6,0,4
BRDA:76,6,1,3
BRDA:82,7,0,2
BRDA:82,7,1,4
BRDA:83,8,0,3
BRDA:83,8,1,1
BRDA:93,9,0,2
BRDA:93,9,1,5
BRDA:93,9,2,4
BRDA:93,9,3,6
BRDA:93,9,4,4
BRDA:93,9,5,6
BRDA:93,9,6,3
BRDA:93,9,7,2
BRDA:93,9,8,1
BRDA:100,10,0,2
BRDA:100,10,1,1
BRDA:100,10,2,1
BRDA:100,10,3,1
BRDA:113,11,0,2
BRDA:113,11,1,2
BRDA:117,12,0,3
BRDA:117,12,1,3
BRDA:118,13,0,2
BRDA:118,13,1,1
BRDA:124,14,0,3
BRDA:124,14,1,1
BRDA:131,15,0,4
BRDA:131,15,1,2
BRDA:135,16,0,4
BRDA:135,16,1,2
BRDA:136,17,0,1
BRDA:136,17,1,1
BRDA:142,18,0,1
BRDA:142,18,1,2
BRDA:144,19,0,2
BRDA:144,19,1,1
BRDA:151,20,0,1
BRDA:151,20,1,1
BRDA:168,21,0,2
BRDA:168,21,1,2
BRDA:168,22,0,4
BRDA:168,22,1,3
BRDA:169,23,0,1
BRDA:169,23,1,1
BRF:59
BRH:57
end_of_record
TN:
SF:src/core/recurrence/expand.ts
FN:55,(anonymous_0)
FN:67,expandOccurrences
FN:161,makeBuilder
FN:162,(anonymous_3)
FN:177,expandDaily
FN:201,expandWeekly
FN:211,(anonymous_6)
FN:233,offsetToWeekday
FN:239,expandWeeklyFloating
FN:281,expandMonthlyByDay
FN:312,expandMonthlyByWeekday
FN:340,expandMonthlyFloating
FN:377,sortOccurrences
FN:378,(anonymous_13)
FNF:14
FNH:14
FNDA:1,(anonymous_0)
FNDA:2822,expandOccurrences
FNDA:1174,makeBuilder
FNDA:24079,(anonymous_3)
FNDA:397,expandDaily
FNDA:129,expandWeekly
FNDA:340,(anonymous_6)
FNDA:2897,offsetToWeekday
FNDA:282,expandWeeklyFloating
FNDA:75,expandMonthlyByDay
FNDA:40,expandMonthlyByWeekday
FNDA:130,expandMonthlyFloating
FNDA:541,sortOccurrences
FNDA:15966,(anonymous_13)
DA:52,7
DA:56,1
DA:57,1
DA:74,2822
DA:75,2822
DA:76,2722
DA:79,2721
DA:80,2721
DA:81,2721
DA:83,1174
DA:84,1174
DA:86,1174
DA:89,73
DA:92,47
DA:97,397
DA:100,129
DA:103,282
DA:114,75
DA:125,40
DA:136,130
DA:146,1
DA:162,24079
DA:187,397
DA:188,397
DA:190,397
DA:191,397
DA:192,9999
DA:193,9999
DA:194,9602
DA:196,397
DA:210,129
DA:211,340
DA:215,129
DA:216,129
DA:218,129
DA:219,129
DA:220,966
DA:221,966
DA:223,837
DA:224,2897
DA:225,2897
DA:226,2490
DA:229,129
DA:234,2897
DA:248,282
DA:249,282
DA:250,282
DA:252,282
DA:253,282
DA:254,2927
DA:255,2927
DA:257,2645
DA:261,2645
DA:263,2386
DA:264,8736
DA:276,282
DA:290,75
DA:291,75
DA:293,75
DA:294,75
DA:295,454
DA:296,454
DA:298,379
DA:299,379
DA:301,379
DA:302,370
DA:304,370
DA:305,319
DA:307,75
DA:321,40
DA:322,40
DA:324,40
DA:325,40
DA:326,136
DA:327,136
DA:329,96
DA:330,96
DA:332,96
DA:333,59
DA:335,40
DA:348,130
DA:349,130
DA:351,130
DA:352,130
DA:353,806
DA:354,806
DA:355,676
DA:357,551
DA:358,551
DA:359,2869
DA:371,130
DA:378,15966
LF:92
LH:92
BRDA:72,0,0,2678
BRDA:75,1,0,100
BRDA:75,1,1,2722
BRDA:76,2,0,1
BRDA:76,2,1,2721
BRDA:80,3,0,1099
BRDA:80,3,1,1622
BRDA:81,4,0,1547
BRDA:81,4,1,1174
BRDA:86,5,0,73
BRDA:86,5,1,47
BRDA:86,5,2,397
BRDA:86,5,3,129
BRDA:86,5,4,282
BRDA:86,5,5,75
BRDA:86,5,6,40
BRDA:86,5,7,130
BRDA:86,5,8,1
BRDA:92,6,0,4
BRDA:92,6,1,43
BRDA:92,7,0,47
BRDA:92,7,1,14
BRDA:193,8,0,397
BRDA:193,8,1,9602
BRDA:221,9,0,129
BRDA:221,9,1,837
BRDA:225,10,0,407
BRDA:225,10,1,2490
BRDA:225,11,0,2897
BRDA:225,11,1,2580
BRDA:255,12,0,282
BRDA:255,12,1,2645
BRDA:261,13,0,259
BRDA:261,13,1,2386
BRDA:261,14,0,2645
BRDA:261,14,1,2386
BRDA:296,15,0,75
BRDA:296,15,1,379
BRDA:301,16,0,9
BRDA:301,16,1,370
BRDA:301,17,0,379
BRDA:301,17,1,122
BRDA:304,18,0,51
BRDA:304,18,1,319
BRDA:304,19,0,370
BRDA:304,19,1,341
BRDA:327,20,0,40
BRDA:327,20,1,96
BRDA:332,21,0,37
BRDA:332,21,1,59
BRDA:332,22,0,96
BRDA:332,22,1,72
BRDA:354,23,0,130
BRDA:354,23,1,676
BRDA:355,24,0,125
BRDA:355,24,1,551
BRDA:378,25,0,15966
BRDA:378,25,1,8668
BRF:58
BRH:58
end_of_record
TN:
SF:src/core/recurrence/period.ts
FN:27,dayPeriodKey
FN:39,weekPeriodKey
FN:50,monthPeriodKey
FN:63,occurrenceKeyOf
FN:87,parseOccurrenceKey
FNF:5
FNH:5
FNDA:12475,dayPeriodKey
FNDA:9137,weekPeriodKey
FNDA:2873,monthPeriodKey
FNDA:24193,occurrenceKeyOf
FNDA:110,parseOccurrenceKey
DA:24,8
DA:28,12475
DA:40,9137
DA:41,9137
DA:43,9137
DA:44,9137
DA:45,9137
DA:46,9137
DA:51,2873
DA:52,2873
DA:69,24193
DA:88,110
DA:89,110
DA:91,108
DA:92,108
DA:93,108
DA:94,108
DA:95,108
DA:97,108
DA:98,108
DA:100,107
DA:101,107
DA:103,104
LF:23
LH:23
BRDA:69,0,0,24193
BRDA:69,0,1,23451
BRDA:89,1,0,2
BRDA:89,1,1,108
BRDA:97,2,0,0
BRDA:97,2,1,108
BRDA:97,3,0,108
BRDA:97,3,1,108
BRDA:97,3,2,108
BRDA:98,4,0,1
BRDA:98,4,1,107
BRDA:98,5,0,108
BRDA:98,5,1,108
BRDA:101,6,0,3
BRDA:101,6,1,104
BRDA:101,7,0,107
BRDA:101,7,1,105
BRDA:108,8,0,18
BRDA:108,8,1,86
BRF:19
BRH:18
end_of_record
TN:
SF:src/core/recurrence/schema.ts
FN:23,(anonymous_0)
FN:26,(anonymous_1)
FN:31,(anonymous_2)
FN:51,(anonymous_3)
FN:73,(anonymous_4)
FN:75,(anonymous_5)
FN:75,(anonymous_6)
FN:114,(anonymous_7)
FN:120,parseSchedule
FN:125,safeParseSchedule
FN:134,parseRecurrenceRule
FN:145,willClamp
FNF:12
FNH:12
FNDA:211,(anonymous_0)
FNDA:209,(anonymous_1)
FNDA:1,(anonymous_2)
FNDA:6,(anonymous_3)
FNDA:19,(anonymous_4)
FNDA:19,(anonymous_5)
FNDA:72,(anonymous_6)
FNDA:109,(anonymous_7)
FNDA:3,parseSchedule
FNDA:108,safeParseSchedule
FNDA:8,parseRecurrenceRule
FNDA:5,willClamp
DA:17,1
DA:19,1
DA:21,1
DA:23,211
DA:26,209
DA:28,1
DA:31,1
DA:33,1
DA:43,1
DA:51,6
DA:53,1
DA:73,19
DA:75,72
DA:107,1
DA:114,109
DA:121,3
DA:128,108
DA:129,108
DA:135,8
DA:146,5
LF:20
LH:20
BRDA:51,0,0,5
BRDA:75,1,0,72
BRDA:75,1,1,54
BRDA:114,2,0,109
BRDA:114,2,1,88
BRDA:129,3,0,101
BRDA:129,3,1,7
BRDA:147,4,0,5
BRDA:147,4,1,4
BRDA:147,4,2,3
BRF:10
BRH:10
end_of_record
TN:
SF:src/core/rotation/assign.ts
FN:27,segmentFor
FN:49,turnFor
FN:72,assigneeFor
FN:115,rosterOn
FN:130,nextSegmentOffset
FN:168,fanOut
FN:175,(anonymous_6)
FNF:7
FNH:7
FNDA:9866,segmentFor
FNDA:9858,turnFor
FNDA:10148,assigneeFor
FNDA:6,rosterOn
FNDA:103,nextSegmentOffset
FNDA:6,fanOut
FNDA:3,(anonymous_6)
DA:31,9866
DA:32,9866
DA:33,11214
DA:34,9867
DA:35,9867
DA:39,9866
DA:55,9858
DA:57,5872
DA:59,1816
DA:61,2169
DA:63,1
DA:78,10148
DA:80,232
DA:83,12
DA:88,44
DA:93,9859
DA:94,9859
DA:95,9858
DA:96,1
DA:99,9857
DA:100,9857
DA:103,9857
DA:104,9857
DA:108,1
DA:116,6
DA:117,3
DA:136,103
DA:140,102
DA:141,102
DA:142,80
DA:143,80
DA:144,2
DA:145,3
DA:146,3
DA:147,2
DA:148,2
DA:154,102
DA:155,102
DA:157,102
DA:174,6
DA:175,3
LF:41
LH:41
BRDA:33,0,0,9867
BRDA:33,0,1,1347
BRDA:34,1,0,9867
BRDA:34,1,1,0
BRDA:34,2,0,9867
BRDA:34,2,1,4
BRDA:55,3,0,5872
BRDA:55,3,1,1816
BRDA:55,3,2,2169
BRDA:55,3,3,1
BRDA:78,4,0,232
BRDA:78,4,1,12
BRDA:78,4,2,44
BRDA:78,4,3,9859
BRDA:78,4,4,1
BRDA:88,5,0,1
BRDA:88,5,1,43
BRDA:94,6,0,1
BRDA:94,6,1,9858
BRDA:95,7,0,1
BRDA:95,7,1,9857
BRDA:116,8,0,3
BRDA:116,8,1,3
BRDA:117,9,0,3
BRDA:117,9,1,1
BRDA:136,10,0,1
BRDA:136,10,1,102
BRDA:141,11,0,80
BRDA:141,11,1,22
BRDA:141,12,0,102
BRDA:141,12,1,80
BRDA:143,13,0,2
BRDA:143,13,1,78
BRDA:146,14,0,2
BRDA:146,14,1,1
BRDA:154,15,0,100
BRDA:154,15,1,2
BRDA:174,16,0,3
BRDA:174,16,1,3
BRF:39
BRH:38
end_of_record
