TN:
SF:src/core/civil/date.ts
FN:24,(anonymous_0)
FN:32,(anonymous_1)
FN:35,format
FN:41,isLeapYear
FN:46,daysInMonth
FN:53,partsOf
FN:70,civilDate
FN:85,tryCivilDate
FN:94,fromParts
FN:106,toEpochDay
FN:121,fromEpochDay
FN:141,addDays
FN:146,daysBetween
FN:162,addMonthsClamped
FN:171,monthsBetween
FN:178,startOfMonth
FN:184,endOfMonth
FN:198,weekdayOf
FN:203,startOfWeek
FN:209,weeksBetween
FN:222,nthWeekdayOfMonth
FN:241,compareCivil
FN:245,(anonymous_22)
FN:246,(anonymous_23)
FN:247,(anonymous_24)
FN:248,(anonymous_25)
FN:251,isWithin
FN:255,(anonymous_27)
FN:256,(anonymous_28)
FNF:29
FNH:29
FNDA:26,(anonymous_0)
FNDA:135088,(anonymous_1)
FNDA:45025,format
FNDA:304,isLeapYear
FNDA:3801,daysInMonth
FNDA:179912,partsOf
FNDA:1126,civilDate
FNDA:223,tryCivilDate
FNDA:360,fromParts
FNDA:162251,toEpochDay
FNDA:40345,fromEpochDay
FNDA:32110,addDays
FNDA:3230,daysBetween
FNDA:1626,addMonthsClamped
FNDA:331,monthsBetween
FNDA:1770,startOfMonth
FNDA:562,endOfMonth
FNDA:20800,weekdayOf
FNDA:19949,startOfWeek
FNDA:535,weeksBetween
FNDA:245,nthWeekdayOfMonth
FNDA:42527,compareCivil
FNDA:1272,(anonymous_22)
FNDA:2561,(anonymous_23)
FNDA:388,(anonymous_24)
FNDA:341,(anonymous_25)
FNDA:246,isWithin
FNDA:1269,(anonymous_27)
FNDA:2558,(anonymous_28)
DA:17,7
DA:20,7
DA:21,7
DA:25,26
DA:26,26
DA:32,135088
DA:36,45025
DA:37,45025
DA:42,304
DA:47,3801
DA:48,3799
DA:49,3500
DA:54,179912
DA:55,179912
DA:56,179912
DA:57,179912
DA:71,1126
DA:72,9
DA:74,1117
DA:75,1117
DA:76,4
DA:78,1113
DA:79,13
DA:81,1100
DA:86,223
DA:87,223
DA:89,13
DA:95,360
DA:107,162251
DA:108,162251
DA:113,162251
DA:114,162251
DA:115,162251
DA:116,162251
DA:117,162251
DA:122,40345
DA:125,40345
DA:126,40345
DA:127,40345
DA:130,40345
DA:131,40345
DA:132,40345
DA:133,40345
DA:134,40345
DA:135,40345
DA:142,32110
DA:147,3230
DA:163,1626
DA:164,1626
DA:165,1626
DA:166,1626
DA:167,1626
DA:172,331
DA:173,331
DA:174,331
DA:179,1770
DA:180,1770
DA:185,562
DA:186,562
DA:199,20800
DA:204,19949
DA:205,19949
DA:210,535
DA:211,535
DA:212,535
DA:228,245
DA:229,128
DA:230,128
DA:231,128
DA:233,117
DA:234,117
DA:235,117
DA:242,42527
DA:245,1272
DA:246,2561
DA:247,388
DA:248,341
DA:252,246
DA:255,1269
DA:256,2558
LF:80
LH:80
BRDA:36,0,0,12
BRDA:36,0,1,45013
BRDA:42,1,0,304
BRDA:42,1,1,83
BRDA:42,1,2,250
BRDA:47,2,0,2
BRDA:47,2,1,3799
BRDA:47,3,0,3801
BRDA:47,3,1,3800
BRDA:48,4,0,299
BRDA:48,4,1,3500
BRDA:48,5,0,77
BRDA:48,5,1,222
BRDA:49,6,0,1081
BRDA:49,6,1,2419
BRDA:49,7,0,3500
BRDA:49,7,1,3192
BRDA:49,7,2,2925
BRDA:49,7,3,2667
BRDA:55,8,0,14
BRDA:55,8,1,179898
BRDA:58,9,0,14
BRDA:58,9,1,179898
BRDA:71,10,0,9
BRDA:71,10,1,1117
BRDA:75,11,0,4
BRDA:75,11,1,1113
BRDA:75,12,0,1117
BRDA:75,12,1,1115
BRDA:78,13,0,13
BRDA:78,13,1,1100
BRDA:78,14,0,1113
BRDA:78,14,1,1111
BRDA:108,15,0,53374
BRDA:108,15,1,108877
BRDA:115,16,0,108877
BRDA:115,16,1,53374
BRDA:134,17,0,30850
BRDA:134,17,1,9495
BRDA:135,18,0,9495
BRDA:135,18,1,30850
BRDA:228,19,0,128
BRDA:228,19,1,117
BRDA:252,20,0,246
BRDA:252,20,1,245
BRDA:255,21,0,623
BRDA:255,21,1,646
BRDA:256,22,0,1169
BRDA:256,22,1,1389
BRF:49
BRH:49
end_of_record
TN:
SF:src/core/lib/assertNever.ts
FN:8,assertNever
FNF:1
FNH:1
FNDA:5,assertNever
DA:9,5
LF:1
LH:1
BRDA:8,0,0,1
BRF:1
BRH:1
end_of_record
TN:
SF:src/core/recurrence/describe.ts
FN:47,(anonymous_0)
FN:48,(anonymous_1)
FN:51,ordinal
FN:67,joinList
FN:74,everyN
FN:81,times
FN:92,describeRule
FN:165,describeSchedule
FN:175,splitDate
FNF:9
FNH:9
FNDA:14,(anonymous_0)
FNDA:2,(anonymous_1)
FNDA:17,ordinal
FNDA:6,joinList
FNDA:7,everyN
FNDA:6,times
FNDA:33,describeRule
FNDA:4,describeSchedule
FNDA:6,splitDate
DA:13,2
DA:23,2
DA:25,2
DA:32,2
DA:47,14
DA:48,2
DA:52,17
DA:53,17
DA:54,14
DA:56,7
DA:58,2
DA:60,2
DA:62,3
DA:68,6
DA:69,6
DA:70,2
DA:75,7
DA:76,7
DA:77,3
DA:82,6
DA:83,4
DA:84,1
DA:93,33
DA:95,2
DA:98,5
DA:99,5
DA:100,5
DA:102,2
DA:104,1
DA:106,1
DA:108,1
DA:113,4
DA:116,6
DA:117,6
DA:118,3
DA:119,1
DA:123,4
DA:124,4
DA:125,1
DA:129,6
DA:131,6
DA:135,6
DA:136,2
DA:142,3
DA:143,3
DA:144,3
DA:150,2
DA:151,2
DA:152,1
DA:156,1
DA:166,4
DA:167,4
DA:168,4
DA:169,2
DA:171,1
DA:172,1
DA:176,6
DA:177,6
LF:58
LH:58
BRDA:53,0,0,3
BRDA:53,0,1,14
BRDA:53,1,0,17
BRDA:53,1,1,11
BRDA:54,2,0,7
BRDA:54,2,1,2
BRDA:54,2,2,2
BRDA:54,2,3,3
BRDA:68,3,0,0
BRDA:68,3,1,6
BRDA:69,4,0,4
BRDA:69,4,1,2
BRDA:75,5,0,0
BRDA:75,5,1,7
BRDA:76,6,0,4
BRDA:76,6,1,3
BRDA:82,7,0,2
BRDA:82,7,1,4
BRDA:83,8,0,3
BRDA:83,8,1,1
BRDA:93,9,0,2
BRDA:93,9,1,5
BRDA:93,9,2,4
BRDA:93,9,3,6
BRDA:93,9,4,4
BRDA:93,9,5,6
BRDA:93,9,6,3
BRDA:93,9,7,2
BRDA:93,9,8,1
BRDA:100,10,0,2
BRDA:100,10,1,1
BRDA:100,10,2,1
BRDA:100,10,3,1
BRDA:113,11,0,2
BRDA:113,11,1,2
BRDA:117,12,0,3
BRDA:117,12,1,3
BRDA:118,13,0,2
BRDA:118,13,1,1
BRDA:124,14,0,3
BRDA:124,14,1,1
BRDA:131,15,0,4
BRDA:131,15,1,2
BRDA:135,16,0,4
BRDA:135,16,1,2
BRDA:136,17,0,1
BRDA:136,17,1,1
BRDA:142,18,0,1
BRDA:142,18,1,2
BRDA:144,19,0,2
BRDA:144,19,1,1
BRDA:151,20,0,1
BRDA:151,20,1,1
BRDA:168,21,0,2
BRDA:168,21,1,2
BRDA:168,22,0,4
BRDA:168,22,1,3
BRDA:169,23,0,1
BRDA:169,23,1,1
BRF:59
BRH:57
end_of_record
TN:
SF:src/core/recurrence/expand.ts
FN:55,(anonymous_0)
FN:67,expandOccurrences
FN:161,makeBuilder
FN:162,(anonymous_3)
FN:177,expandDaily
FN:201,expandWeekly
FN:211,(anonymous_6)
FN:233,offsetToWeekday
FN:239,expandWeeklyFloating
FN:281,expandMonthlyByDay
FN:312,expandMonthlyByWeekday
FN:340,expandMonthlyFloating
FN:377,sortOccurrences
FN:378,(anonymous_13)
FNF:14
FNH:14
FNDA:1,(anonymous_0)
FNDA:2456,expandOccurrences
FNDA:813,makeBuilder
FNDA:15880,(anonymous_3)
FNDA:39,expandDaily
FNDA:154,expandWeekly
FNDA:465,(anonymous_6)
FNDA:3605,offsetToWeekday
FNDA:278,expandWeeklyFloating
FNDA:67,expandMonthlyByDay
FNDA:18,expandMonthlyByWeekday
FNDA:142,expandMonthlyFloating
FNDA:574,sortOccurrences
FNDA:16261,(anonymous_13)
DA:52,3
DA:56,1
DA:57,1
DA:74,2456
DA:75,2456
DA:76,2356
DA:79,2355
DA:80,2355
DA:81,2355
DA:83,813
DA:84,813
DA:86,813
DA:89,65
DA:92,49
DA:97,39
DA:100,154
DA:103,278
DA:114,67
DA:125,18
DA:136,142
DA:146,1
DA:162,15880
DA:187,39
DA:188,39
DA:190,39
DA:191,39
DA:192,1436
DA:193,1436
DA:194,1397
DA:196,39
DA:210,154
DA:211,465
DA:215,154
DA:216,154
DA:218,154
DA:219,154
DA:220,1071
DA:221,1071
DA:223,917
DA:224,3605
DA:225,3605
DA:226,3012
DA:229,154
DA:234,3605
DA:248,278
DA:249,278
DA:250,278
DA:252,278
DA:253,278
DA:254,2545
DA:255,2545
DA:257,2267
DA:261,2267
DA:263,2027
DA:264,8255
DA:276,278
DA:290,67
DA:291,67
DA:293,67
DA:294,67
DA:295,428
DA:296,428
DA:298,361
DA:299,361
DA:301,361
DA:302,358
DA:304,358
DA:305,320
DA:307,67
DA:321,18
DA:322,18
DA:324,18
DA:325,18
DA:326,57
DA:327,57
DA:329,39
DA:330,39
DA:332,39
DA:333,26
DA:335,18
DA:348,142
DA:349,142
DA:351,142
DA:352,142
DA:353,830
DA:354,830
DA:355,688
DA:357,558
DA:358,558
DA:359,2863
DA:371,142
DA:378,16261
LF:92
LH:92
BRDA:72,0,0,2354
BRDA:75,1,0,100
BRDA:75,1,1,2356
BRDA:76,2,0,1
BRDA:76,2,1,2355
BRDA:80,3,0,1066
BRDA:80,3,1,1289
BRDA:81,4,0,1542
BRDA:81,4,1,813
BRDA:86,5,0,65
BRDA:86,5,1,49
BRDA:86,5,2,39
BRDA:86,5,3,154
BRDA:86,5,4,278
BRDA:86,5,5,67
BRDA:86,5,6,18
BRDA:86,5,7,142
BRDA:86,5,8,1
BRDA:92,6,0,7
BRDA:92,6,1,42
BRDA:92,7,0,49
BRDA:92,7,1,22
BRDA:193,8,0,39
BRDA:193,8,1,1397
BRDA:221,9,0,154
BRDA:221,9,1,917
BRDA:225,10,0,593
BRDA:225,10,1,3012
BRDA:225,11,0,3605
BRDA:225,11,1,3150
BRDA:255,12,0,278
BRDA:255,12,1,2267
BRDA:261,13,0,240
BRDA:261,13,1,2027
BRDA:261,14,0,2267
BRDA:261,14,1,2027
BRDA:296,15,0,67
BRDA:296,15,1,361
BRDA:301,16,0,3
BRDA:301,16,1,358
BRDA:301,17,0,361
BRDA:301,17,1,116
BRDA:304,18,0,38
BRDA:304,18,1,320
BRDA:304,19,0,358
BRDA:304,19,1,340
BRDA:327,20,0,18
BRDA:327,20,1,39
BRDA:332,21,0,13
BRDA:332,21,1,26
BRDA:332,22,0,39
BRDA:332,22,1,30
BRDA:354,23,0,142
BRDA:354,23,1,688
BRDA:355,24,0,130
BRDA:355,24,1,558
BRDA:378,25,0,16261
BRDA:378,25,1,8533
BRF:58
BRH:58
end_of_record
TN:
SF:src/core/recurrence/period.ts
FN:27,dayPeriodKey
FN:39,weekPeriodKey
FN:50,monthPeriodKey
FN:63,occurrenceKeyOf
FN:87,parseOccurrenceKey
FNF:5
FNH:5
FNDA:4763,dayPeriodKey
FNDA:8656,weekPeriodKey
FNDA:2867,monthPeriodKey
FNDA:15987,occurrenceKeyOf
FNDA:110,parseOccurrenceKey
DA:24,4
DA:28,4763
DA:40,8656
DA:41,8656
DA:43,8656
DA:44,8656
DA:45,8656
DA:46,8656
DA:51,2867
DA:52,2867
DA:69,15987
DA:88,110
DA:89,110
DA:91,108
DA:92,108
DA:93,108
DA:94,108
DA:95,108
DA:97,108
DA:98,108
DA:100,107
DA:101,107
DA:103,104
LF:23
LH:23
BRDA:69,0,0,15987
BRDA:69,0,1,14816
BRDA:89,1,0,2
BRDA:89,1,1,108
BRDA:97,2,0,0
BRDA:97,2,1,108
BRDA:97,3,0,108
BRDA:97,3,1,108
BRDA:97,3,2,108
BRDA:98,4,0,1
BRDA:98,4,1,107
BRDA:98,5,0,108
BRDA:98,5,1,108
BRDA:101,6,0,3
BRDA:101,6,1,104
BRDA:101,7,0,107
BRDA:101,7,1,105
BRDA:108,8,0,14
BRDA:108,8,1,90
BRF:19
BRH:18
end_of_record
TN:
SF:src/core/recurrence/schema.ts
FN:23,(anonymous_0)
FN:26,(anonymous_1)
FN:31,(anonymous_2)
FN:51,(anonymous_3)
FN:73,(anonymous_4)
FN:75,(anonymous_5)
FN:75,(anonymous_6)
FN:114,(anonymous_7)
FN:120,parseSchedule
FN:125,safeParseSchedule
FN:134,parseRecurrenceRule
FN:145,willClamp
FNF:12
FNH:12
FNDA:212,(anonymous_0)
FNDA:210,(anonymous_1)
FNDA:1,(anonymous_2)
FNDA:6,(anonymous_3)
FNDA:21,(anonymous_4)
FNDA:21,(anonymous_5)
FNDA:76,(anonymous_6)
FNDA:109,(anonymous_7)
FNDA:3,parseSchedule
FNDA:108,safeParseSchedule
FNDA:8,parseRecurrenceRule
FNDA:5,willClamp
DA:17,1
DA:19,1
DA:21,1
DA:23,212
DA:26,210
DA:28,1
DA:31,1
DA:33,1
DA:43,1
DA:51,6
DA:53,1
DA:73,21
DA:75,76
DA:107,1
DA:114,109
DA:121,3
DA:128,108
DA:129,108
DA:135,8
DA:146,5
LF:20
LH:20
BRDA:51,0,0,5
BRDA:75,1,0,76
BRDA:75,1,1,56
BRDA:114,2,0,109
BRDA:114,2,1,84
BRDA:129,3,0,101
BRDA:129,3,1,7
BRDA:147,4,0,5
BRDA:147,4,1,4
BRDA:147,4,2,3
BRF:10
BRH:10
end_of_record
